<?xml version="1.0" encoding="UTF-8"?>
<!-- Generated by org.testng.reporters.JUnitReportReporter -->
<testsuite skipped="0" hostname="DESKTOP-QCV819S" name="testPages.Test1" tests="3" failures="0" timestamp="2022-06-05T16:47:22 IST" time="149.252" errors="0">
  <testcase name="setUp" time="73.682" classname="testPages.Test1"/>
  <system-out/>
  <testcase name="setUp2" time="75.567" classname="testPages.Test1"/>
  <system-out/>
  <testcase name="validation" time="0.003" classname="testPages.Test1"/>
  <system-out/>
</testsuite> <!-- testPages.Test1 -->
