<?xml version="1.0" encoding="UTF-8"?>
<!-- Generated by org.testng.reporters.JUnitReportReporter -->
<testsuite skipped="0" hostname="DESKTOP-QCV819S" name="testPages.HomeTest" tests="1" failures="0" timestamp="2022-06-05T13:30:14 IST" time="25.520" errors="0">
  <testcase name="Validate_reasult" time="25.520" classname="testPages.HomeTest"/>
  <system-out/>
</testsuite> <!-- testPages.HomeTest -->
